<?xml version="1.0" encoding="UTF-8"?>
<!-- Generated by org.testng.reporters.JUnitXMLReporter -->
<testsuite hostname="Govind-PC" ignored="2" name="TestNG_3and_4" tests="4" failures="2" timestamp="22 Dec 2017 13:25:24 GMT" time="0.027" errors="0">
  <testcase name="TC3_test2" time="0.002" classname="TestNG.TC3">
    <failure type="java.lang.AssertionError" message="expected [true] but found [false]">
      <![CDATA[java.lang.AssertionError: expected [true] but found [false]
	at TestNG.TC3.TC3_test2(TC3.java:17)
... Removed 29 stack frames]]>
    </failure>
  </testcase> <!-- TC3_test2 -->
  <testcase name="TC4_test3" time="0.002" classname="TestNG.TC4">
    <failure type="java.lang.AssertionError" message="expected [true] but found [false]">
      <![CDATA[java.lang.AssertionError: expected [true] but found [false]
	at TestNG.TC4.TC4_test3(TC4.java:23)
... Removed 29 stack frames]]>
    </failure>
  </testcase> <!-- TC4_test3 -->
  <testcase name="TC4_test4" time="0.002" classname="TestNG.TC4"/>
  <testcase name="TC4_test1" time="0.002" classname="TestNG.TC4"/>
  <testcase name="TC3_test1" time="0.0" classname="TestNG.TC3">
    <ignored/>
  </testcase> <!-- TC3_test1 -->
  <testcase name="TC4_test2" time="0.0" classname="TestNG.TC4">
    <ignored/>
  </testcase> <!-- TC4_test2 -->
</testsuite> <!-- TestNG_3and_4 -->
